Using pre-set license
Built from '2020.3/staging' branch; Version is '2020.3.6f1 (338bb68529b2) revision 3378102'; Using compiler version '192528614'; Build Type 'Release'
OS: 'Windows 10 Enterprise; OS build 18363.1801; Version 1909; 64bit' Language: 'en' Physical Memory: 32690 MB
BatchMode: 1, IsHumanControllingUs: 0, StartBugReporterOnCrash: 0, Is64bit: 1, IsPro: 0

 COMMAND LINE ARGUMENTS:
C:\Program Files\Unity\Hub\Editor\2020.3.6f1\Editor\Unity.exe
-adb2
-batchMode
-noUpm
-name
AssetImportWorker0
-projectPath
C:/Users/Daphne/3D Platformer_ Williamson
-logFile
Logs/AssetImportWorker0.log
-srvPort
59319
Successfully changed project path to: C:/Users/Daphne/3D Platformer_ Williamson
C:/Users/Daphne/3D Platformer_ Williamson
Using Asset Import Pipeline V2.
Refreshing native plugins compatible for Editor in 23.67 ms, found 0 plugins.
Preloading 0 native plugins for Editor in 0.00 ms.
Initialize engine version: 2020.3.6f1 (338bb68529b2)
[Subsystems] Discovering subsystems at path C:/Program Files/Unity/Hub/Editor/2020.3.6f1/Editor/Data/Resources/UnitySubsystems
[Subsystems] Discovering subsystems at path C:/Users/Daphne/3D Platformer_ Williamson/Assets
GfxDevice: creating device client; threaded=0
d3d12: loaded!
Direct3D:
    Version:         Direct3D 12 [level 12.0]
    Renderer:        AMD Radeon (TM) R9 Fury Series (ID=0x7300)
    Vendor:          
    VRAM:            4070 MB
    App VRAM Budget: 3460 MB
    Driver:          27.20.14501.28009
d3d12: Profiler is enabled, but stable power state is not. GPU timing errors are expected.

Initialize mono
Mono path[0] = 'C:/Program Files/Unity/Hub/Editor/2020.3.6f1/Editor/Data/Managed'
Mono path[1] = 'C:/Program Files/Unity/Hub/Editor/2020.3.6f1/Editor/Data/MonoBleedingEdge/lib/mono/unityjit'
Mono config path = 'C:/Program Files/Unity/Hub/Editor/2020.3.6f1/Editor/Data/MonoBleedingEdge/etc'
Using monoOptions --debugger-agent=transport=dt_socket,embedding=1,server=y,suspend=n,address=127.0.0.1:56240
Begin MonoManager ReloadAssembly
Registering precompiled unity dll's ...
Register platform support module: C:/Program Files/Unity/Hub/Editor/2020.3.6f1/Editor/Data/PlaybackEngines/WebGLSupport/UnityEditor.WebGL.Extensions.dll
Register platform support module: C:/Program Files/Unity/Hub/Editor/2020.3.6f1/Editor/Data/PlaybackEngines/WindowsStandaloneSupport/UnityEditor.WindowsStandalone.Extensions.dll
Registered in 0.002902 seconds.
Native extension for WindowsStandalone target not found
Native extension for WebGL target not found
Refreshing native plugins compatible for Editor in 28.92 ms, found 0 plugins.
Preloading 0 native plugins for Editor in 0.00 ms.
Mono: successfully reloaded assembly
- Completed reload, in  1.212 seconds
Platform modules already initialized, skipping
Registering precompiled user dll's ...
Registered in 0.010456 seconds.
Begin MonoManager ReloadAssembly
Native extension for WindowsStandalone target not found
Native extension for WebGL target not found
Refreshing native plugins compatible for Editor in 0.25 ms, found 0 plugins.
Preloading 0 native plugins for Editor in 0.00 ms.
Mono: successfully reloaded assembly
- Completed reload, in  1.499 seconds
Platform modules already initialized, skipping
========================================================================
Worker process is ready to serve import requests
Launched and connected shader compiler UnityShaderCompiler.exe after 0.04 seconds
Refreshing native plugins compatible for Editor in 0.22 ms, found 0 plugins.
Preloading 0 native plugins for Editor in 0.00 ms.
Unloading 1538 Unused Serialized files (Serialized files now loaded: 0)
System memory in use before: 76.7 MB.
System memory in use after: 76.8 MB.

Unloading 10 unused Assets to reduce memory usage. Loaded Objects now: 1980.
Total: 1.564800 ms (FindLiveObjects: 0.132700 ms CreateObjectMapping: 0.044900 ms MarkObjects: 1.341700 ms  DeleteObjects: 0.044700 ms)

========================================================================
Received Import Request.
  path: Assets/Scenes
  artifactKey: Guid(5f0dd77286c84d9449d448813495dbd0) Importer(815301076,1909f56bfc062723c751e8b465ee728b)
Start importing Assets/Scenes using Guid(5f0dd77286c84d9449d448813495dbd0) Importer(815301076,1909f56bfc062723c751e8b465ee728b)  -> (artifact id: '2241b34386c0e0aefa20bfe0451a871a') in 0.007250 seconds
  Import took 0.009358 seconds .

========================================================================
Received Import Request.
  Time since last request: 0.000166 seconds.
  path: Assets/Scenes/Level_1.unity
  artifactKey: Guid(9fc0d4010bbf28b4594072e72b8655ab) Importer(815301076,1909f56bfc062723c751e8b465ee728b)
Start importing Assets/Scenes/Level_1.unity using Guid(9fc0d4010bbf28b4594072e72b8655ab) Importer(815301076,1909f56bfc062723c751e8b465ee728b)  -> (artifact id: 'fe10b066d505505f590b90b30719dcce') in 0.012828 seconds
  Import took 0.015002 seconds .

========================================================================
Received Import Request.
  Time since last request: 1.488339 seconds.
  path: Assets/Scenes/Level_1.unity
  artifactKey: Guid(9fc0d4010bbf28b4594072e72b8655ab) Importer(815301076,1909f56bfc062723c751e8b465ee728b)
Start importing Assets/Scenes/Level_1.unity using Guid(9fc0d4010bbf28b4594072e72b8655ab) Importer(815301076,1909f56bfc062723c751e8b465ee728b)  -> (artifact id: 'fe10b066d505505f590b90b30719dcce') in 0.002793 seconds
  Import took 0.005012 seconds .

========================================================================
Received Prepare
Registering precompiled user dll's ...
Registered in 0.001139 seconds.
Begin MonoManager ReloadAssembly
Native extension for WindowsStandalone target not found
Native extension for WebGL target not found
Refreshing native plugins compatible for Editor in 0.29 ms, found 0 plugins.
Preloading 0 native plugins for Editor in 0.00 ms.
Mono: successfully reloaded assembly
- Completed reload, in  0.795 seconds
Platform modules already initialized, skipping
Refreshing native plugins compatible for Editor in 0.31 ms, found 0 plugins.
Preloading 0 native plugins for Editor in 0.00 ms.
Unloading 1530 Unused Serialized files (Serialized files now loaded: 0)
System memory in use before: 76.5 MB.
System memory in use after: 76.6 MB.

Unloading 5 unused Assets to reduce memory usage. Loaded Objects now: 1983.
Total: 1.881500 ms (FindLiveObjects: 0.203500 ms CreateObjectMapping: 0.064200 ms MarkObjects: 1.594600 ms  DeleteObjects: 0.017900 ms)

AssetImportWorkerClient::OnTransportError - code=2 error=End of file
